<?xml version="1.0" encoding="UTF-8"?>
<!-- Generated by org.testng.reporters.JUnitXMLReporter -->
<testsuite hostname="DESKTOP-HBPR9D6" name="Test" tests="3" failures="0" timestamp="18 Jun 2020 02:42:28 GMT" time="74.286" errors="0">
  <testcase name="validateHomePageTitle" time="0.04" classname="com.test.CourseSelectionTest"/>
  <testcase name="userSignupTest" time="4.597" classname="com.test.CourseSelectionTest"/>
  <testcase name="validateCourseTitleTest" time="14.117" classname="com.test.CourseSelectionTest"/>
</testsuite> <!-- Test -->
